<?xml version="1.0" encoding="UTF-8"?>
<testsuites name="PostPartOrder" time="99.726" tests="1" failures="1" errors="0">
   <testsuite name="PostPartOrder" tests="1" failures="1" errors="0" time="99.726" skipped="0" timestamp="2024-06-27 02:17:51" hostname="Shivani Rampally - COGNINE-L137" id="Test Suites/PostPartOrder">
      <properties>
         <property name="deviceName" value=""/>
         <property name="devicePlatform" value=""/>
         <property name="logFolder" value="C:\\Users\\Shivani Rampally\\Katalon Studio\\RforceParts\\Reports\\20240627_021723\\PostPartOrder\\20240627_021724"/>
         <property name="logFiles" value="C:\\Users\\Shivani Rampally\\Katalon Studio\\RforceParts\\Reports\\20240627_021723\\PostPartOrder\\20240627_021724\\execution0.log"/>
         <property name="attachments" value="C:\\Users\\Shivani Rampally\\Katalon Studio\\RforceParts\\Reports\\20240627_021723\\PostPartOrder\\20240627_021724\\1719434970046.png"/>
         <property name="hostName" value="Shivani Rampally - COGNINE-L137"/>
         <property name="os" value="Windows 10 64bit"/>
         <property name="katalonVersion" value="8.6.0.208"/>
         <property name="browser" value="Edge Chromium 126"/>
         <property name="hostAddress" value="192.168.0.107"/>
         <property name="sessionId" value="b3178d56de8942e80307f30e6100f8cd"/>
         <property name="seleniumVersion" value="3.141.59"/>
         <property name="proxyInformation" value="ProxyInformation { proxyOption=NO_PROXY, proxyServerType=HTTP, username=, password=********, proxyServerAddress=, proxyServerPort=0, executionList=&quot;&quot;, isApplyToDesiredCapabilities=true }"/>
         <property name="platform" value="Windows 10"/>
      </properties>
      <testcase name="Test Cases/PostPartOrder/Login to RForce web app" time="99.176" classname="Test Cases/PostPartOrder/Login to RForce web app" status="FAILED">
         <failure type="FAILED" message="Test Cases/PostPartOrder/Login to RForce web app FAILED.
Reason:
com.kms.katalon.core.exception.StepFailedException: Unable to verify image 'Object Repository/PurchaseOrder/IFrame' present
	at com.kms.katalon.core.webui.keyword.internal.WebUIKeywordMain.stepFailed(WebUIKeywordMain.groovy:64)
	at com.kms.katalon.core.webui.keyword.internal.WebUIKeywordMain.runKeyword(WebUIKeywordMain.groovy:26)
	at com.kms.katalon.core.webui.keyword.builtin.SwitchToFrameKeyword.switchToFrame(SwitchToFrameKeyword.groovy:84)
	at com.kms.katalon.core.webui.keyword.builtin.SwitchToFrameKeyword.execute(SwitchToFrameKeyword.groovy:68)
	at com.kms.katalon.core.keyword.internal.KeywordExecutor.executeKeywordForPlatform(KeywordExecutor.groovy:74)
	at com.kms.katalon.core.webui.keyword.WebUiBuiltInKeywords.switchToFrame(WebUiBuiltInKeywords.groovy:2880)
	at com.kms.katalon.core.webui.keyword.WebUiBuiltInKeywords$switchToFrame$7.call(Unknown Source)
	at purchaseOrder.PurchaseOrder.CreateNewCostPO(PurchaseOrder.groovy:38)
	at purchaseOrder.PurchaseOrder.invokeMethod(PurchaseOrder.groovy)
	at com.kms.katalon.core.main.CustomKeywordDelegatingMetaClass.invokeStaticMethod(CustomKeywordDelegatingMetaClass.java:55)
	at Login to RForce web app.run(Login to RForce web app:23)
	at com.kms.katalon.core.main.ScriptEngine.run(ScriptEngine.java:194)
	at com.kms.katalon.core.main.ScriptEngine.runScriptAsRawText(ScriptEngine.java:119)
	at com.kms.katalon.core.main.TestCaseExecutor.runScript(TestCaseExecutor.java:448)
	at com.kms.katalon.core.main.TestCaseExecutor.doExecute(TestCaseExecutor.java:439)
	at com.kms.katalon.core.main.TestCaseExecutor.processExecutionPhase(TestCaseExecutor.java:418)
	at com.kms.katalon.core.main.TestCaseExecutor.accessMainPhase(TestCaseExecutor.java:410)
	at com.kms.katalon.core.main.TestCaseExecutor.execute(TestCaseExecutor.java:285)
	at com.kms.katalon.core.common.CommonExecutor.accessTestCaseMainPhase(CommonExecutor.java:65)
	at com.kms.katalon.core.main.TestSuiteExecutor.accessTestSuiteMainPhase(TestSuiteExecutor.java:148)
	at com.kms.katalon.core.main.TestSuiteExecutor.execute(TestSuiteExecutor.java:106)
	at com.kms.katalon.core.main.TestCaseMain.startTestSuite(TestCaseMain.java:187)
	at com.kms.katalon.core.main.TestCaseMain$startTestSuite$0.call(Unknown Source)
	at TempTestSuite1719434844344.run(TempTestSuite1719434844344.groovy:36)
Caused by: com.kms.katalon.core.webui.exception.WebElementNotFoundException: Web element with id: 'Object Repository/PurchaseOrder/IFrame' located by '//iframe[@name='vfFrameId_1719433966612']' not found
	at com.kms.katalon.core.webui.common.WebUiCommonHelper.findWebElement(WebUiCommonHelper.java:1376)
	at com.kms.katalon.core.webui.keyword.builtin.SwitchToFrameKeyword$_switchToFrame_closure1.doCall(SwitchToFrameKeyword.groovy:77)
	at com.kms.katalon.core.webui.keyword.builtin.SwitchToFrameKeyword$_switchToFrame_closure1.call(SwitchToFrameKeyword.groovy)
	at com.kms.katalon.core.webui.keyword.internal.WebUIKeywordMain.runKeyword(WebUIKeywordMain.groovy:20)
	... 22 more
"/>
         <system-out><![CDATA[2024-06-27 02:17:52 - [TEST_CASE][FAILED] - Test Cases/PostPartOrder/Login to RForce web app: Test Cases/PostPartOrder/Login to RForce web app FAILED.
Reason:
com.kms.katalon.core.exception.StepFailedException: Unable to verify image 'Object Repository/PurchaseOrder/IFrame' present
	at com.kms.katalon.core.webui.keyword.internal.WebUIKeywordMain.stepFailed(WebUIKeywordMain.groovy:64)
	at com.kms.katalon.core.webui.keyword.internal.WebUIKeywordMain.runKeyword(WebUIKeywordMain.groovy:26)
	at com.kms.katalon.core.webui.keyword.builtin.SwitchToFrameKeyword.switchToFrame(SwitchToFrameKeyword.groovy:84)
	at com.kms.katalon.core.webui.keyword.builtin.SwitchToFrameKeyword.execute(SwitchToFrameKeyword.groovy:68)
	at com.kms.katalon.core.keyword.internal.KeywordExecutor.executeKeywordForPlatform(KeywordExecutor.groovy:74)
	at com.kms.katalon.core.webui.keyword.WebUiBuiltInKeywords.switchToFrame(WebUiBuiltInKeywords.groovy:2880)
	at com.kms.katalon.core.webui.keyword.WebUiBuiltInKeywords$switchToFrame$7.call(Unknown Source)
	at purchaseOrder.PurchaseOrder.CreateNewCostPO(PurchaseOrder.groovy:38)
	at purchaseOrder.PurchaseOrder.invokeMethod(PurchaseOrder.groovy)
	at com.kms.katalon.core.main.CustomKeywordDelegatingMetaClass.invokeStaticMethod(CustomKeywordDelegatingMetaClass.java:55)
	at Login to RForce web app.run(Login to RForce web app:23)
	at com.kms.katalon.core.main.ScriptEngine.run(ScriptEngine.java:194)
	at com.kms.katalon.core.main.ScriptEngine.runScriptAsRawText(ScriptEngine.java:119)
	at com.kms.katalon.core.main.TestCaseExecutor.runScript(TestCaseExecutor.java:448)
	at com.kms.katalon.core.main.TestCaseExecutor.doExecute(TestCaseExecutor.java:439)
	at com.kms.katalon.core.main.TestCaseExecutor.processExecutionPhase(TestCaseExecutor.java:418)
	at com.kms.katalon.core.main.TestCaseExecutor.accessMainPhase(TestCaseExecutor.java:410)
	at com.kms.katalon.core.main.TestCaseExecutor.execute(TestCaseExecutor.java:285)
	at com.kms.katalon.core.common.CommonExecutor.accessTestCaseMainPhase(CommonExecutor.java:65)
	at com.kms.katalon.core.main.TestSuiteExecutor.accessTestSuiteMainPhase(TestSuiteExecutor.java:148)
	at com.kms.katalon.core.main.TestSuiteExecutor.execute(TestSuiteExecutor.java:106)
	at com.kms.katalon.core.main.TestCaseMain.startTestSuite(TestCaseMain.java:187)
	at com.kms.katalon.core.main.TestCaseMain$startTestSuite$0.call(Unknown Source)
	at TempTestSuite1719434844344.run(TempTestSuite1719434844344.groovy:36)
Caused by: com.kms.katalon.core.webui.exception.WebElementNotFoundException: Web element with id: 'Object Repository/PurchaseOrder/IFrame' located by '//iframe[@name='vfFrameId_1719433966612']' not found
	at com.kms.katalon.core.webui.common.WebUiCommonHelper.findWebElement(WebUiCommonHelper.java:1376)
	at com.kms.katalon.core.webui.keyword.builtin.SwitchToFrameKeyword$_switchToFrame_closure1.doCall(SwitchToFrameKeyword.groovy:77)
	at com.kms.katalon.core.webui.keyword.builtin.SwitchToFrameKeyword$_switchToFrame_closure1.call(SwitchToFrameKeyword.groovy)
	at com.kms.katalon.core.webui.keyword.internal.WebUIKeywordMain.runKeyword(WebUIKeywordMain.groovy:20)
	... 22 more


2024-06-27 02:17:52 - [TEST_STEP][PASSED] - Start listener action : BeforeTestCase: Navigate to 'https://renewalbyandersen--test.sandbox.lightning.force.com/lightning/page/home' successfully

2024-06-27 02:17:52 - [TEST_STEP][PASSED] - openBrowser(""): Browser is opened with url: ''

2024-06-27 02:17:52 - [MESSAGE][INFO] - Starting 'Edge Chromium' driver

2024-06-27 02:17:53 - [MESSAGE][INFO] - Action delay is set to 0 milliseconds

2024-06-27 02:17:57 - [MESSAGE][PASSED] - Browser is opened with url: ''

2024-06-27 02:17:57 - [TEST_STEP][PASSED] - maximizeWindow(): Current window maximized

2024-06-27 02:17:57 - [MESSAGE][PASSED] - Current window maximized

2024-06-27 02:17:57 - [TEST_STEP][PASSED] - navigateToUrl(URL): Navigate to 'https://renewalbyandersen--test.sandbox.lightning.force.com/lightning/page/home' successfully

2024-06-27 02:18:01 - [MESSAGE][PASSED] - Navigate to 'https://renewalbyandersen--test.sandbox.lightning.force.com/lightning/page/home' successfully

2024-06-27 02:18:02 - [TEST_STEP][PASSED] - loginPage.loginPage.login(Username, Password): loginPage.loginPage.login is PASSED

2024-06-27 02:18:03 - [MESSAGE][PASSED] - Object: 'Object Repository/Login/UserName' is clicked on

2024-06-27 02:18:04 - [MESSAGE][PASSED] - Text 'shivani.rampally@andersencorp.com.test' is set on object 'Object Repository/Login/UserName'

2024-06-27 02:18:05 - [MESSAGE][PASSED] - Object: 'Object Repository/Login/PassWord' is clicked on

2024-06-27 02:18:06 - [MESSAGE][PASSED] - Text ****** has been set on object 'Object Repository/Login/PassWord'

2024-06-27 02:18:06 - [MESSAGE][PASSED] - Object 'Object Repository/Login/Login button' is clickable

2024-06-27 02:18:19 - [MESSAGE][PASSED] - Object: 'Object Repository/Login/Login button' is clicked on

2024-06-27 02:18:19 - [MESSAGE][PASSED] - loginPage.loginPage.login is PASSED

2024-06-27 02:18:19 - [TEST_STEP][PASSED] - purchaseOrder.PurchaseOrder.PurchaseorderHeader(): purchaseOrder.PurchaseOrder.PurchaseorderHeader is PASSED

2024-06-27 02:18:21 - [MESSAGE][PASSED] - Object 'Object Repository/PurchaseOrder/PurchaseOrder button' is present

2024-06-27 02:18:25 - [MESSAGE][PASSED] - Object: 'Object Repository/PurchaseOrder/PurchaseOrder button' is clicked on

2024-06-27 02:18:25 - [MESSAGE][PASSED] - purchaseOrder.PurchaseOrder.PurchaseorderHeader is PASSED

2024-06-27 02:18:25 - [TEST_STEP][PASSED] - purchaseOrder.PurchaseOrder.NewCostPO(): purchaseOrder.PurchaseOrder.NewCostPO is PASSED

2024-06-27 02:18:27 - [MESSAGE][PASSED] - Object 'Object Repository/PurchaseOrder/NewCostPO button' is present

2024-06-27 02:18:28 - [MESSAGE][PASSED] - Object: 'Object Repository/PurchaseOrder/NewCostPO button' is clicked on

2024-06-27 02:18:28 - [MESSAGE][PASSED] - purchaseOrder.PurchaseOrder.NewCostPO is PASSED

2024-06-27 02:18:28 - [TEST_STEP][FAILED] - purchaseOrder.PurchaseOrder.CreateNewCostPO(): Unable to verify image 'Object Repository/PurchaseOrder/IFrame' present

2024-06-27 02:19:30 - [MESSAGE][INFO] - Unable to find the element located by 'By.xpath: //iframe[@name='vfFrameId_1719433966612']'. Please recheck the objects properties to make sure the desired element is located. 

2024-06-27 02:19:30 - [MESSAGE][FAILED] - Unable to verify image 'Object Repository/PurchaseOrder/IFrame' present (Root cause: com.kms.katalon.core.exception.StepFailedException: Unable to verify image 'Object Repository/PurchaseOrder/IFrame' present
	at com.kms.katalon.core.webui.keyword.internal.WebUIKeywordMain.stepFailed(WebUIKeywordMain.groovy:64)
	at com.kms.katalon.core.webui.keyword.internal.WebUIKeywordMain.runKeyword(WebUIKeywordMain.groovy:26)
	at com.kms.katalon.core.webui.keyword.builtin.SwitchToFrameKeyword.switchToFrame(SwitchToFrameKeyword.groovy:84)
	at com.kms.katalon.core.webui.keyword.builtin.SwitchToFrameKeyword.execute(SwitchToFrameKeyword.groovy:68)
	at com.kms.katalon.core.keyword.internal.KeywordExecutor.executeKeywordForPlatform(KeywordExecutor.groovy:74)
	at com.kms.katalon.core.webui.keyword.WebUiBuiltInKeywords.switchToFrame(WebUiBuiltInKeywords.groovy:2880)
	at com.kms.katalon.core.webui.keyword.WebUiBuiltInKeywords$switchToFrame$7.call(Unknown Source)
	at purchaseOrder.PurchaseOrder.CreateNewCostPO(PurchaseOrder.groovy:38)
	at purchaseOrder.PurchaseOrder.invokeMethod(PurchaseOrder.groovy)
	at com.kms.katalon.core.main.CustomKeywordDelegatingMetaClass.invokeStaticMethod(CustomKeywordDelegatingMetaClass.java:55)
	at Login to RForce web app.run(Login to RForce web app:23)
	at com.kms.katalon.core.main.ScriptEngine.run(ScriptEngine.java:194)
	at com.kms.katalon.core.main.ScriptEngine.runScriptAsRawText(ScriptEngine.java:119)
	at com.kms.katalon.core.main.TestCaseExecutor.runScript(TestCaseExecutor.java:448)
	at com.kms.katalon.core.main.TestCaseExecutor.doExecute(TestCaseExecutor.java:439)
	at com.kms.katalon.core.main.TestCaseExecutor.processExecutionPhase(TestCaseExecutor.java:418)
	at com.kms.katalon.core.main.TestCaseExecutor.accessMainPhase(TestCaseExecutor.java:410)
	at com.kms.katalon.core.main.TestCaseExecutor.execute(TestCaseExecutor.java:285)
	at com.kms.katalon.core.common.CommonExecutor.accessTestCaseMainPhase(CommonExecutor.java:65)
	at com.kms.katalon.core.main.TestSuiteExecutor.accessTestSuiteMainPhase(TestSuiteExecutor.java:148)
	at com.kms.katalon.core.main.TestSuiteExecutor.execute(TestSuiteExecutor.java:106)
	at com.kms.katalon.core.main.TestCaseMain.startTestSuite(TestCaseMain.java:187)
	at com.kms.katalon.core.main.TestCaseMain$startTestSuite$0.call(Unknown Source)
	at TempTestSuite1719434844344.run(TempTestSuite1719434844344.groovy:36)
Caused by: com.kms.katalon.core.webui.exception.WebElementNotFoundException: Web element with id: 'Object Repository/PurchaseOrder/IFrame' located by '//iframe[@name='vfFrameId_1719433966612']' not found
	at com.kms.katalon.core.webui.common.WebUiCommonHelper.findWebElement(WebUiCommonHelper.java:1376)
	at com.kms.katalon.core.webui.keyword.builtin.SwitchToFrameKeyword$_switchToFrame_closure1.doCall(SwitchToFrameKeyword.groovy:77)
	at com.kms.katalon.core.webui.keyword.builtin.SwitchToFrameKeyword$_switchToFrame_closure1.call(SwitchToFrameKeyword.groovy)
	at com.kms.katalon.core.webui.keyword.internal.WebUIKeywordMain.runKeyword(WebUIKeywordMain.groovy:20)
	at com.kms.katalon.core.webui.keyword.builtin.SwitchToFrameKeyword.switchToFrame(SwitchToFrameKeyword.groovy:84)
	at com.kms.katalon.core.webui.keyword.builtin.SwitchToFrameKeyword.execute(SwitchToFrameKeyword.groovy:68)
	at com.kms.katalon.core.keyword.internal.KeywordExecutor.executeKeywordForPlatform(KeywordExecutor.groovy:74)
	at com.kms.katalon.core.webui.keyword.WebUiBuiltInKeywords.switchToFrame(WebUiBuiltInKeywords.groovy:2880)
	at com.kms.katalon.core.webui.keyword.WebUiBuiltInKeywords$switchToFrame$7.call(Unknown Source)
	at purchaseOrder.PurchaseOrder.CreateNewCostPO(PurchaseOrder.groovy:38)
	at purchaseOrder.PurchaseOrder.invokeMethod(PurchaseOrder.groovy)
	at com.kms.katalon.core.main.CustomKeywordDelegatingMetaClass.invokeStaticMethod(CustomKeywordDelegatingMetaClass.java:55)
	at Script1719419374711.run(Script1719419374711.groovy:23)
	... 13 more
)
[[ATTACHMENT|C:\\Users\\Shivani Rampally\\Katalon Studio\\RforceParts\\Reports\\20240627_021723\\PostPartOrder\\20240627_021724\\1719434970046.png]]

2024-06-27 02:19:30 - [MESSAGE][FAILED] - Unable to verify image 'Object Repository/PurchaseOrder/IFrame' present

2024-06-27 02:19:30 - [TEST_STEP][PASSED] - Start listener action : AfterTestCase: Browser is closed

2024-06-27 02:19:30 - [TEST_STEP][PASSED] - closeBrowser(): Browser is closed

2024-06-27 02:19:31 - [MESSAGE][PASSED] - Browser is closed]]></system-out>
         <system-err><![CDATA[2024-06-27 02:17:52 - [TEST_CASE][FAILED] - Test Cases/PostPartOrder/Login to RForce web app: Test Cases/PostPartOrder/Login to RForce web app FAILED.
Reason:
com.kms.katalon.core.exception.StepFailedException: Unable to verify image 'Object Repository/PurchaseOrder/IFrame' present
	at com.kms.katalon.core.webui.keyword.internal.WebUIKeywordMain.stepFailed(WebUIKeywordMain.groovy:64)
	at com.kms.katalon.core.webui.keyword.internal.WebUIKeywordMain.runKeyword(WebUIKeywordMain.groovy:26)
	at com.kms.katalon.core.webui.keyword.builtin.SwitchToFrameKeyword.switchToFrame(SwitchToFrameKeyword.groovy:84)
	at com.kms.katalon.core.webui.keyword.builtin.SwitchToFrameKeyword.execute(SwitchToFrameKeyword.groovy:68)
	at com.kms.katalon.core.keyword.internal.KeywordExecutor.executeKeywordForPlatform(KeywordExecutor.groovy:74)
	at com.kms.katalon.core.webui.keyword.WebUiBuiltInKeywords.switchToFrame(WebUiBuiltInKeywords.groovy:2880)
	at com.kms.katalon.core.webui.keyword.WebUiBuiltInKeywords$switchToFrame$7.call(Unknown Source)
	at purchaseOrder.PurchaseOrder.CreateNewCostPO(PurchaseOrder.groovy:38)
	at purchaseOrder.PurchaseOrder.invokeMethod(PurchaseOrder.groovy)
	at com.kms.katalon.core.main.CustomKeywordDelegatingMetaClass.invokeStaticMethod(CustomKeywordDelegatingMetaClass.java:55)
	at Login to RForce web app.run(Login to RForce web app:23)
	at com.kms.katalon.core.main.ScriptEngine.run(ScriptEngine.java:194)
	at com.kms.katalon.core.main.ScriptEngine.runScriptAsRawText(ScriptEngine.java:119)
	at com.kms.katalon.core.main.TestCaseExecutor.runScript(TestCaseExecutor.java:448)
	at com.kms.katalon.core.main.TestCaseExecutor.doExecute(TestCaseExecutor.java:439)
	at com.kms.katalon.core.main.TestCaseExecutor.processExecutionPhase(TestCaseExecutor.java:418)
	at com.kms.katalon.core.main.TestCaseExecutor.accessMainPhase(TestCaseExecutor.java:410)
	at com.kms.katalon.core.main.TestCaseExecutor.execute(TestCaseExecutor.java:285)
	at com.kms.katalon.core.common.CommonExecutor.accessTestCaseMainPhase(CommonExecutor.java:65)
	at com.kms.katalon.core.main.TestSuiteExecutor.accessTestSuiteMainPhase(TestSuiteExecutor.java:148)
	at com.kms.katalon.core.main.TestSuiteExecutor.execute(TestSuiteExecutor.java:106)
	at com.kms.katalon.core.main.TestCaseMain.startTestSuite(TestCaseMain.java:187)
	at com.kms.katalon.core.main.TestCaseMain$startTestSuite$0.call(Unknown Source)
	at TempTestSuite1719434844344.run(TempTestSuite1719434844344.groovy:36)
Caused by: com.kms.katalon.core.webui.exception.WebElementNotFoundException: Web element with id: 'Object Repository/PurchaseOrder/IFrame' located by '//iframe[@name='vfFrameId_1719433966612']' not found
	at com.kms.katalon.core.webui.common.WebUiCommonHelper.findWebElement(WebUiCommonHelper.java:1376)
	at com.kms.katalon.core.webui.keyword.builtin.SwitchToFrameKeyword$_switchToFrame_closure1.doCall(SwitchToFrameKeyword.groovy:77)
	at com.kms.katalon.core.webui.keyword.builtin.SwitchToFrameKeyword$_switchToFrame_closure1.call(SwitchToFrameKeyword.groovy)
	at com.kms.katalon.core.webui.keyword.internal.WebUIKeywordMain.runKeyword(WebUIKeywordMain.groovy:20)
	... 22 more]]></system-err>
      </testcase>
      <system-out><![CDATA[2024-06-27 02:17:51 - [TEST_SUITE][FAILED] - PostPartOrder: Test Cases/PostPartOrder/Login to RForce web app FAILED.
Reason:
com.kms.katalon.core.exception.StepFailedException: Unable to verify image 'Object Repository/PurchaseOrder/IFrame' present
	at com.kms.katalon.core.webui.keyword.internal.WebUIKeywordMain.stepFailed(WebUIKeywordMain.groovy:64)
	at com.kms.katalon.core.webui.keyword.internal.WebUIKeywordMain.runKeyword(WebUIKeywordMain.groovy:26)
	at com.kms.katalon.core.webui.keyword.builtin.SwitchToFrameKeyword.switchToFrame(SwitchToFrameKeyword.groovy:84)
	at com.kms.katalon.core.webui.keyword.builtin.SwitchToFrameKeyword.execute(SwitchToFrameKeyword.groovy:68)
	at com.kms.katalon.core.keyword.internal.KeywordExecutor.executeKeywordForPlatform(KeywordExecutor.groovy:74)
	at com.kms.katalon.core.webui.keyword.WebUiBuiltInKeywords.switchToFrame(WebUiBuiltInKeywords.groovy:2880)
	at com.kms.katalon.core.webui.keyword.WebUiBuiltInKeywords$switchToFrame$7.call(Unknown Source)
	at purchaseOrder.PurchaseOrder.CreateNewCostPO(PurchaseOrder.groovy:38)
	at purchaseOrder.PurchaseOrder.invokeMethod(PurchaseOrder.groovy)
	at com.kms.katalon.core.main.CustomKeywordDelegatingMetaClass.invokeStaticMethod(CustomKeywordDelegatingMetaClass.java:55)
	at Login to RForce web app.run(Login to RForce web app:23)
	at com.kms.katalon.core.main.ScriptEngine.run(ScriptEngine.java:194)
	at com.kms.katalon.core.main.ScriptEngine.runScriptAsRawText(ScriptEngine.java:119)
	at com.kms.katalon.core.main.TestCaseExecutor.runScript(TestCaseExecutor.java:448)
	at com.kms.katalon.core.main.TestCaseExecutor.doExecute(TestCaseExecutor.java:439)
	at com.kms.katalon.core.main.TestCaseExecutor.processExecutionPhase(TestCaseExecutor.java:418)
	at com.kms.katalon.core.main.TestCaseExecutor.accessMainPhase(TestCaseExecutor.java:410)
	at com.kms.katalon.core.main.TestCaseExecutor.execute(TestCaseExecutor.java:285)
	at com.kms.katalon.core.common.CommonExecutor.accessTestCaseMainPhase(CommonExecutor.java:65)
	at com.kms.katalon.core.main.TestSuiteExecutor.accessTestSuiteMainPhase(TestSuiteExecutor.java:148)
	at com.kms.katalon.core.main.TestSuiteExecutor.execute(TestSuiteExecutor.java:106)
	at com.kms.katalon.core.main.TestCaseMain.startTestSuite(TestCaseMain.java:187)
	at com.kms.katalon.core.main.TestCaseMain$startTestSuite$0.call(Unknown Source)
	at TempTestSuite1719434844344.run(TempTestSuite1719434844344.groovy:36)
Caused by: com.kms.katalon.core.webui.exception.WebElementNotFoundException: Web element with id: 'Object Repository/PurchaseOrder/IFrame' located by '//iframe[@name='vfFrameId_1719433966612']' not found
	at com.kms.katalon.core.webui.common.WebUiCommonHelper.findWebElement(WebUiCommonHelper.java:1376)
	at com.kms.katalon.core.webui.keyword.builtin.SwitchToFrameKeyword$_switchToFrame_closure1.doCall(SwitchToFrameKeyword.groovy:77)
	at com.kms.katalon.core.webui.keyword.builtin.SwitchToFrameKeyword$_switchToFrame_closure1.call(SwitchToFrameKeyword.groovy)
	at com.kms.katalon.core.webui.keyword.internal.WebUIKeywordMain.runKeyword(WebUIKeywordMain.groovy:20)
	... 22 more]]></system-out>
      <system-err><![CDATA[2024-06-27 02:17:51 - [TEST_SUITE][FAILED] - PostPartOrder: Test Cases/PostPartOrder/Login to RForce web app FAILED.
Reason:
com.kms.katalon.core.exception.StepFailedException: Unable to verify image 'Object Repository/PurchaseOrder/IFrame' present
	at com.kms.katalon.core.webui.keyword.internal.WebUIKeywordMain.stepFailed(WebUIKeywordMain.groovy:64)
	at com.kms.katalon.core.webui.keyword.internal.WebUIKeywordMain.runKeyword(WebUIKeywordMain.groovy:26)
	at com.kms.katalon.core.webui.keyword.builtin.SwitchToFrameKeyword.switchToFrame(SwitchToFrameKeyword.groovy:84)
	at com.kms.katalon.core.webui.keyword.builtin.SwitchToFrameKeyword.execute(SwitchToFrameKeyword.groovy:68)
	at com.kms.katalon.core.keyword.internal.KeywordExecutor.executeKeywordForPlatform(KeywordExecutor.groovy:74)
	at com.kms.katalon.core.webui.keyword.WebUiBuiltInKeywords.switchToFrame(WebUiBuiltInKeywords.groovy:2880)
	at com.kms.katalon.core.webui.keyword.WebUiBuiltInKeywords$switchToFrame$7.call(Unknown Source)
	at purchaseOrder.PurchaseOrder.CreateNewCostPO(PurchaseOrder.groovy:38)
	at purchaseOrder.PurchaseOrder.invokeMethod(PurchaseOrder.groovy)
	at com.kms.katalon.core.main.CustomKeywordDelegatingMetaClass.invokeStaticMethod(CustomKeywordDelegatingMetaClass.java:55)
	at Login to RForce web app.run(Login to RForce web app:23)
	at com.kms.katalon.core.main.ScriptEngine.run(ScriptEngine.java:194)
	at com.kms.katalon.core.main.ScriptEngine.runScriptAsRawText(ScriptEngine.java:119)
	at com.kms.katalon.core.main.TestCaseExecutor.runScript(TestCaseExecutor.java:448)
	at com.kms.katalon.core.main.TestCaseExecutor.doExecute(TestCaseExecutor.java:439)
	at com.kms.katalon.core.main.TestCaseExecutor.processExecutionPhase(TestCaseExecutor.java:418)
	at com.kms.katalon.core.main.TestCaseExecutor.accessMainPhase(TestCaseExecutor.java:410)
	at com.kms.katalon.core.main.TestCaseExecutor.execute(TestCaseExecutor.java:285)
	at com.kms.katalon.core.common.CommonExecutor.accessTestCaseMainPhase(CommonExecutor.java:65)
	at com.kms.katalon.core.main.TestSuiteExecutor.accessTestSuiteMainPhase(TestSuiteExecutor.java:148)
	at com.kms.katalon.core.main.TestSuiteExecutor.execute(TestSuiteExecutor.java:106)
	at com.kms.katalon.core.main.TestCaseMain.startTestSuite(TestCaseMain.java:187)
	at com.kms.katalon.core.main.TestCaseMain$startTestSuite$0.call(Unknown Source)
	at TempTestSuite1719434844344.run(TempTestSuite1719434844344.groovy:36)
Caused by: com.kms.katalon.core.webui.exception.WebElementNotFoundException: Web element with id: 'Object Repository/PurchaseOrder/IFrame' located by '//iframe[@name='vfFrameId_1719433966612']' not found
	at com.kms.katalon.core.webui.common.WebUiCommonHelper.findWebElement(WebUiCommonHelper.java:1376)
	at com.kms.katalon.core.webui.keyword.builtin.SwitchToFrameKeyword$_switchToFrame_closure1.doCall(SwitchToFrameKeyword.groovy:77)
	at com.kms.katalon.core.webui.keyword.builtin.SwitchToFrameKeyword$_switchToFrame_closure1.call(SwitchToFrameKeyword.groovy)
	at com.kms.katalon.core.webui.keyword.internal.WebUIKeywordMain.runKeyword(WebUIKeywordMain.groovy:20)
	... 22 more]]></system-err>
   </testsuite>
</testsuites>
